Wed Jun 14 2023 14:0:15 } [Error] error: listen EADDRINUSE: address already in use :::5000
Wed Jun 14 2023 14:2:10 } [Error] error: listen EADDRINUSE: address already in use :::5000
Wed Jun 14 2023 14:2:23 } [Error] error: Buyer with this email already exists!
Wed Jun 14 2023 14:2:51 } [Error] error: Buyer with this email already exists!
Wed Jun 14 2023 14:4:1 } [Error] error: listen EADDRINUSE: address already in use :::5000
Wed Jun 14 2023 14:17:5 } [Error] error: listen EADDRINUSE: address already in use :::5000
Wed Jun 14 2023 14:24:38 } [Error] error: listen EADDRINUSE: address already in use :::5000
Wed Jun 14 2023 14:24:54 } [Error] error: listen EADDRINUSE: address already in use :::5000
Wed Jun 14 2023 14:25:1 } [Error] error: Buyer with this email already exists!
Wed Jun 14 2023 14:27:17 } [Error] error: listen EADDRINUSE: address already in use :::5000
Wed Jun 14 2023 14:28:47 } [Error] error: listen EADDRINUSE: address already in use :::5000
Wed Jun 14 2023 14:29:30 } [Error] error: listen EADDRINUSE: address already in use :::5000
Wed Jun 14 2023 14:30:9 } [Error] error: listen EADDRINUSE: address already in use :::5000
Wed Jun 14 2023 14:33:55 } [Error] error: listen EADDRINUSE: address already in use :::5000
Wed Jun 14 2023 14:34:38 } [Error] error: listen EADDRINUSE: address already in use :::5000
Wed Jun 14 2023 14:36:59 } [Error] error: listen EADDRINUSE: address already in use :::5000
Wed Jun 14 2023 14:38:14 } [Error] error: listen EADDRINUSE: address already in use :::5000
Wed Jun 14 2023 14:39:16 } [Error] error: listen EADDRINUSE: address already in use :::5000
Wed Jun 14 2023 14:40:31 } [Error] error: Buyer not found!
Wed Jun 14 2023 14:42:20 } [Error] error: listen EADDRINUSE: address already in use :::5000
Wed Jun 14 2023 14:42:36 } [Error] error: listen EADDRINUSE: address already in use :::5000
Wed Jun 14 2023 14:43:4 } [Error] error: listen EADDRINUSE: address already in use :::5000
Wed Jun 14 2023 14:48:11 } [Error] error: listen EADDRINUSE: address already in use :::5000
Wed Jun 14 2023 14:48:19 } [Error] error: listen EADDRINUSE: address already in use :::5000
Wed Jun 14 2023 14:49:24 } [Error] error: listen EADDRINUSE: address already in use :::5000
Wed Jun 14 2023 14:49:32 } [Error] error: listen EADDRINUSE: address already in use :::5000
Wed Jun 14 2023 14:49:49 } [Error] error: listen EADDRINUSE: address already in use :::5000
Wed Jun 14 2023 14:52:12 } [Error] error: listen EADDRINUSE: address already in use :::5000
Wed Jun 14 2023 14:52:41 } [Error] error: listen EADDRINUSE: address already in use :::5000
Wed Jun 14 2023 14:55:28 } [Error] error: listen EADDRINUSE: address already in use :::5000
Wed Jun 14 2023 14:58:42 } [Error] error: getaddrinfo ENOTFOUND ac-4iokihc-shard-00-02.v2i4kas.mongodb.net
Wed Jun 14 2023 14:59:12 } [Error] error: connect ETIMEDOUT 13.127.176.113:27017
